<?xml version="1.0" encoding="UTF-8"?>
<!-- Generated by org.testng.reporters.JUnitReportReporter -->
<testsuite skipped="0" hostname="DESKTOP-RHL7H94" name="org.Itlink.selenium.selenium_automation.AppTest" tests="1" failures="0" timestamp="06 May 2018 18:04:29 GMT" time="0.001" errors="0">
  <testcase name="testApp" time="0.001" classname="org.Itlink.selenium.selenium_automation.AppTest"/>
</testsuite> <!-- org.Itlink.selenium.selenium_automation.AppTest -->
