<?xml version="1.0" encoding="UTF-8"?>
<!-- Generated by org.testng.reporters.JUnitReportReporter -->
<testsuite hostname="DESKTOP-RHL7H94" failures="0" tests="1" name="org.Itlink.selenium.selenium_automation.RegisterTest" time="7.675" errors="0" timestamp="06 May 2018 15:44:30 GMT" skipped="0">
  <testcase classname="org.Itlink.selenium.selenium_automation.RegisterTest" name="testRegister" time="7.675"/>
</testsuite> <!-- org.Itlink.selenium.selenium_automation.RegisterTest -->
